<?xml version="1.0" encoding="UTF-8"?>
<!-- Generated by org.testng.reporters.JUnitReportReporter -->
<testsuite hostname="mathu-pc" name="testcases.TC009_ConvertLead" tests="1" failures="0" timestamp="14 Aug 2016 22:15:58 GMT" time="114.626" errors="0">
  <testcase name="duplicateLead" time="114.626" classname="testcases.TC009_ConvertLead"/>
</testsuite> <!-- testcases.TC009_ConvertLead -->
