<?xml version="1.0" encoding="UTF-8"?>
<!-- Generated by org.testng.reporters.JUnitReportReporter -->
<testsuite hostname="mathu-pc" name="testcases.TC007_MergeLead" tests="1" failures="0" timestamp="14 Aug 2016 22:11:31 GMT" time="117.118" errors="0">
  <testcase name="mergeLead" time="117.118" classname="testcases.TC007_MergeLead"/>
</testsuite> <!-- testcases.TC007_MergeLead -->
