<?xml version="1.0" encoding="UTF-8"?>
<!-- Generated by org.testng.reporters.JUnitReportReporter -->
<testsuite hostname="mathu-pc" name="testcases.TC008_DuplicateLead" tests="1" failures="0" timestamp="14 Aug 2016 22:13:44 GMT" time="101.605" errors="0">
  <testcase name="duplicateLead" time="101.605" classname="testcases.TC008_DuplicateLead"/>
</testsuite> <!-- testcases.TC008_DuplicateLead -->
