<?xml version="1.0" encoding="UTF-8"?>
<!-- Generated by org.testng.reporters.JUnitReportReporter -->
<testsuite hostname="mathu-pc" name="testcases.TC006_DeleteLead" tests="1" failures="0" timestamp="14 Aug 2016 22:09:20 GMT" time="94.607" errors="0">
  <testcase name="deleteLead" time="94.607" classname="testcases.TC006_DeleteLead"/>
</testsuite> <!-- testcases.TC006_DeleteLead -->
