<?xml version="1.0" encoding="UTF-8"?>
<!-- Generated by org.testng.reporters.JUnitReportReporter -->
<testsuite hostname="mathu-pc" name="testcases.TC004_CreateLead" tests="2" failures="0" timestamp="14 Aug 2016 22:04:51 GMT" time="148.915" errors="0">
  <testcase name="createLead" time="79.200" classname="testcases.TC004_CreateLead"/>
  <testcase name="createLead" time="69.715" classname="testcases.TC004_CreateLead"/>
</testsuite> <!-- testcases.TC004_CreateLead -->
