<?xml version="1.0" encoding="UTF-8"?>
<!-- Generated by org.testng.reporters.JUnitReportReporter -->
<testsuite hostname="mathu-pc" name="testcases.TC005_EditLead" tests="1" failures="0" timestamp="14 Aug 2016 22:06:50 GMT" time="99.697" errors="0">
  <testcase name="editLead" time="99.697" classname="testcases.TC005_EditLead"/>
</testsuite> <!-- testcases.TC005_EditLead -->
